cURL Info: Array
(
    [url] => https://history.mot.api.gov.uk/v1/trade/vehicles/registration/yc67fuv
    [content_type] => text/html
    [http_code] => 403
    [header_size] => 479
    [request_size] => 1453
    [filetime] => -1
    [ssl_verify_result] => 0
    [redirect_count] => 0
    [total_time] => 2.164691
    [namelookup_time] => 0.591299
    [connect_time] => 1.036711
    [pretransfer_time] => 1.69913
    [size_upload] => 0
    [size_download] => 736
    [speed_download] => 340
    [speed_upload] => 0
    [download_content_length] => 736
    [upload_content_length] => 0
    [starttransfer_time] => 2.164635
    [redirect_time] => 0
    [redirect_url] => 
    [primary_ip] => 45.60.74.18
    [certinfo] => Array
        (
        )

    [primary_port] => 443
    [local_ip] => 192.168.18.96
    [local_port] => 56832
    [http_version] => 3
    [protocol] => 2
    [ssl_verifyresult] => 0
    [scheme] => HTTPS
    [appconnect_time_us] => 1698716
    [connect_time_us] => 1036711
    [namelookup_time_us] => 591299
    [pretransfer_time_us] => 1699130
    [redirect_time_us] => 0
    [starttransfer_time_us] => 2164635
    [total_time_us] => 2164691
    [effective_method] => GET
)

API Response: <html style="height:100%"><head><META NAME="ROBOTS" CONTENT="NOINDEX, NOFOLLOW"><meta name="format-detection" content="telephone=no"><meta name="viewport" content="initial-scale=1.0"><meta http-equiv="X-UA-Compatible" content="IE=edge,chrome=1"></head><body style="margin:0px;height:100%"><iframe id="main-iframe" src="/_Incapsula_Resource?CWUDNSAI=23&xinfo=17-57422169-0%200NNN%20RT%281727381735516%20662%29%20q%280%20-1%20-1%200%29%20r%280%20-1%29%20B16%20U16&incident_id=686000160056914466-292784145337025553&edet=16&cinfo=ffffffff&rpinfo=0&mth=GET" frameborder=0 width="100%" height="100%" marginheight="0px" marginwidth="0px">Request unsuccessful. Incapsula incident ID: 686000160056914466-292784145337025553</iframe></body></html>
HTTP Error: 403
cURL Info: Array
(
    [url] => https://history.mot.api.gov.uk/v1/trade/vehicles/registration/yc67fuv
    [content_type] => text/html
    [http_code] => 403
    [header_size] => 480
    [request_size] => 1453
    [filetime] => -1
    [ssl_verify_result] => 0
    [redirect_count] => 0
    [total_time] => 9.593372
    [namelookup_time] => 8.139216
    [connect_time] => 8.529647
    [pretransfer_time] => 9.131542
    [size_upload] => 0
    [size_download] => 737
    [speed_download] => 76
    [speed_upload] => 0
    [download_content_length] => 737
    [upload_content_length] => 0
    [starttransfer_time] => 9.59333
    [redirect_time] => 0
    [redirect_url] => 
    [primary_ip] => 45.60.74.18
    [certinfo] => Array
        (
        )

    [primary_port] => 443
    [local_ip] => 192.168.18.103
    [local_port] => 60084
    [http_version] => 3
    [protocol] => 2
    [ssl_verifyresult] => 0
    [scheme] => HTTPS
    [appconnect_time_us] => 9127790
    [connect_time_us] => 8529647
    [namelookup_time_us] => 8139216
    [pretransfer_time_us] => 9131542
    [redirect_time_us] => 0
    [starttransfer_time_us] => 9593330
    [total_time_us] => 9593372
    [effective_method] => GET
)

API Response: <html style="height:100%"><head><META NAME="ROBOTS" CONTENT="NOINDEX, NOFOLLOW"><meta name="format-detection" content="telephone=no"><meta name="viewport" content="initial-scale=1.0"><meta http-equiv="X-UA-Compatible" content="IE=edge,chrome=1"></head><body style="margin:0px;height:100%"><iframe id="main-iframe" src="/_Incapsula_Resource?CWUDNSAI=23&xinfo=11-32124017-0%200NNN%20RT%281727384233549%20604%29%20q%280%20-1%20-1%20-1%29%20r%280%20-1%29%20B16%20U16&incident_id=325000180068532762-174177798800606347&edet=16&cinfo=ffffffff&rpinfo=0&mth=GET" frameborder=0 width="100%" height="100%" marginheight="0px" marginwidth="0px">Request unsuccessful. Incapsula incident ID: 325000180068532762-174177798800606347</iframe></body></html>
HTTP Error: 403
cURL Info: Array
(
    [url] => https://history.mot.api.gov.uk/v1/trade/vehicles/registration/yc67fuv
    [content_type] => text/html
    [http_code] => 403
    [header_size] => 479
    [request_size] => 1453
    [filetime] => -1
    [ssl_verify_result] => 0
    [redirect_count] => 0
    [total_time] => 1.881527
    [namelookup_time] => 0.188115
    [connect_time] => 0.568575
    [pretransfer_time] => 1.488924
    [size_upload] => 0
    [size_download] => 734
    [speed_download] => 390
    [speed_upload] => 0
    [download_content_length] => 734
    [upload_content_length] => 0
    [starttransfer_time] => 1.881503
    [redirect_time] => 0
    [redirect_url] => 
    [primary_ip] => 45.60.74.18
    [certinfo] => Array
        (
        )

    [primary_port] => 443
    [local_ip] => 192.168.18.103
    [local_port] => 60143
    [http_version] => 3
    [protocol] => 2
    [ssl_verifyresult] => 0
    [scheme] => HTTPS
    [appconnect_time_us] => 1488552
    [connect_time_us] => 568575
    [namelookup_time_us] => 188115
    [pretransfer_time_us] => 1488924
    [redirect_time_us] => 0
    [starttransfer_time_us] => 1881503
    [total_time_us] => 1881527
    [effective_method] => GET
)

API Response: <html style="height:100%"><head><META NAME="ROBOTS" CONTENT="NOINDEX, NOFOLLOW"><meta name="format-detection" content="telephone=no"><meta name="viewport" content="initial-scale=1.0"><meta http-equiv="X-UA-Compatible" content="IE=edge,chrome=1"></head><body style="margin:0px;height:100%"><iframe id="main-iframe" src="/_Incapsula_Resource?CWUDNSAI=23&xinfo=6-11181366-0%200NNN%20RT%281727384296765%20920%29%20q%280%20-1%20-1%20-1%29%20r%280%20-1%29%20B16%20U16&incident_id=325000180068532762-59545198979777670&edet=16&cinfo=ffffffff&rpinfo=0&mth=GET" frameborder=0 width="100%" height="100%" marginheight="0px" marginwidth="0px">Request unsuccessful. Incapsula incident ID: 325000180068532762-59545198979777670</iframe></body></html>
HTTP Error: 403
cURL Info: Array
(
    [url] => https://history.mot.api.gov.uk/v1/trade/vehicles/registration/yc67fuv
    [content_type] => text/html
    [http_code] => 403
    [header_size] => 478
    [request_size] => 1453
    [filetime] => -1
    [ssl_verify_result] => 0
    [redirect_count] => 0
    [total_time] => 2.811541
    [namelookup_time] => 0.220285
    [connect_time] => 0.686982
    [pretransfer_time] => 2.236902
    [size_upload] => 0
    [size_download] => 733
    [speed_download] => 260
    [speed_upload] => 0
    [download_content_length] => 733
    [upload_content_length] => 0
    [starttransfer_time] => 2.811509
    [redirect_time] => 0
    [redirect_url] => 
    [primary_ip] => 45.60.74.18
    [certinfo] => Array
        (
        )

    [primary_port] => 443
    [local_ip] => 192.168.18.103
    [local_port] => 60170
    [http_version] => 3
    [protocol] => 2
    [ssl_verifyresult] => 0
    [scheme] => HTTPS
    [appconnect_time_us] => 2236465
    [connect_time_us] => 686982
    [namelookup_time_us] => 220285
    [pretransfer_time_us] => 2236902
    [redirect_time_us] => 0
    [starttransfer_time_us] => 2811509
    [total_time_us] => 2811541
    [effective_method] => GET
)

API Response: <html style="height:100%"><head><META NAME="ROBOTS" CONTENT="NOINDEX, NOFOLLOW"><meta name="format-detection" content="telephone=no"><meta name="viewport" content="initial-scale=1.0"><meta http-equiv="X-UA-Compatible" content="IE=edge,chrome=1"></head><body style="margin:0px;height:100%"><iframe id="main-iframe" src="/_Incapsula_Resource?CWUDNSAI=23&xinfo=5-8339966-0%200NNN%20RT%281727384320809%20589%29%20q%280%20-1%20-1%20-1%29%20r%280%20-1%29%20B16%20U16&incident_id=325000180068532762-44361149558621317&edet=16&cinfo=ffffffff&rpinfo=0&mth=GET" frameborder=0 width="100%" height="100%" marginheight="0px" marginwidth="0px">Request unsuccessful. Incapsula incident ID: 325000180068532762-44361149558621317</iframe></body></html>
HTTP Error: 403
cURL Info: Array
(
    [url] => https://history.mot.api.gov.uk/v1/trade/vehicles/registration/yc67fuv
    [content_type] => text/html
    [http_code] => 403
    [header_size] => 479
    [request_size] => 1453
    [filetime] => -1
    [ssl_verify_result] => 0
    [redirect_count] => 0
    [total_time] => 1.618895
    [namelookup_time] => 0.15159
    [connect_time] => 0.561929
    [pretransfer_time] => 1.227192
    [size_upload] => 0
    [size_download] => 734
    [speed_download] => 453
    [speed_upload] => 0
    [download_content_length] => 734
    [upload_content_length] => 0
    [starttransfer_time] => 1.618863
    [redirect_time] => 0
    [redirect_url] => 
    [primary_ip] => 45.60.74.18
    [certinfo] => Array
        (
        )

    [primary_port] => 443
    [local_ip] => 192.168.18.103
    [local_port] => 60186
    [http_version] => 3
    [protocol] => 2
    [ssl_verifyresult] => 0
    [scheme] => HTTPS
    [appconnect_time_us] => 1226956
    [connect_time_us] => 561929
    [namelookup_time_us] => 151590
    [pretransfer_time_us] => 1227192
    [redirect_time_us] => 0
    [starttransfer_time_us] => 1618863
    [total_time_us] => 1618895
    [effective_method] => GET
)

API Response: <html style="height:100%"><head><META NAME="ROBOTS" CONTENT="NOINDEX, NOFOLLOW"><meta name="format-detection" content="telephone=no"><meta name="viewport" content="initial-scale=1.0"><meta http-equiv="X-UA-Compatible" content="IE=edge,chrome=1"></head><body style="margin:0px;height:100%"><iframe id="main-iframe" src="/_Incapsula_Resource?CWUDNSAI=23&xinfo=9-13344594-0%200NNN%20RT%281727384342464%20563%29%20q%280%20-1%20-1%20-1%29%20r%280%20-1%29%20B16%20U16&incident_id=325000180068532762-72704179910804617&edet=16&cinfo=ffffffff&rpinfo=0&mth=GET" frameborder=0 width="100%" height="100%" marginheight="0px" marginwidth="0px">Request unsuccessful. Incapsula incident ID: 325000180068532762-72704179910804617</iframe></body></html>
HTTP Error: 403
cURL Info: Array
(
    [url] => https://history.mot.api.gov.uk/v1/trade/vehicles/registration/yc67fuv
    [content_type] => text/html
    [http_code] => 403
    [header_size] => 479
    [request_size] => 1453
    [filetime] => -1
    [ssl_verify_result] => 0
    [redirect_count] => 0
    [total_time] => 1.692475
    [namelookup_time] => 0.36246
    [connect_time] => 0.733244
    [pretransfer_time] => 1.317446
    [size_upload] => 0
    [size_download] => 736
    [speed_download] => 434
    [speed_upload] => 0
    [download_content_length] => 736
    [upload_content_length] => 0
    [starttransfer_time] => 1.692451
    [redirect_time] => 0
    [redirect_url] => 
    [primary_ip] => 45.60.74.18
    [certinfo] => Array
        (
        )

    [primary_port] => 443
    [local_ip] => 192.168.18.96
    [local_port] => 65373
    [http_version] => 3
    [protocol] => 2
    [ssl_verifyresult] => 0
    [scheme] => HTTPS
    [appconnect_time_us] => 1317049
    [connect_time_us] => 733244
    [namelookup_time_us] => 362460
    [pretransfer_time_us] => 1317446
    [redirect_time_us] => 0
    [starttransfer_time_us] => 1692451
    [total_time_us] => 1692475
    [effective_method] => GET
)

API Response: <html style="height:100%"><head><META NAME="ROBOTS" CONTENT="NOINDEX, NOFOLLOW"><meta name="format-detection" content="telephone=no"><meta name="viewport" content="initial-scale=1.0"><meta http-equiv="X-UA-Compatible" content="IE=edge,chrome=1"></head><body style="margin:0px;height:100%"><iframe id="main-iframe" src="/_Incapsula_Resource?CWUDNSAI=23&xinfo=11-32177140-0%200NNN%20RT%281727385763697%20603%29%20q%280%20-1%20-1%207%29%20r%281%20-1%29%20B16%20U16&incident_id=325000180068804770-174453359607350411&edet=16&cinfo=ffffffff&rpinfo=0&mth=GET" frameborder=0 width="100%" height="100%" marginheight="0px" marginwidth="0px">Request unsuccessful. Incapsula incident ID: 325000180068804770-174453359607350411</iframe></body></html>
HTTP Error: 403
cURL Info: Array
(
    [url] => https://history.mot.api.gov.uk/v1/trade/vehicles/registration/yc67fuv
    [content_type] => text/html
    [http_code] => 403
    [header_size] => 479
    [request_size] => 1453
    [filetime] => -1
    [ssl_verify_result] => 0
    [redirect_count] => 0
    [total_time] => 1.499661
    [namelookup_time] => 0.125835
    [connect_time] => 0.502518
    [pretransfer_time] => 1.120162
    [size_upload] => 0
    [size_download] => 736
    [speed_download] => 490
    [speed_upload] => 0
    [download_content_length] => 736
    [upload_content_length] => 0
    [starttransfer_time] => 1.499634
    [redirect_time] => 0
    [redirect_url] => 
    [primary_ip] => 45.60.74.18
    [certinfo] => Array
        (
        )

    [primary_port] => 443
    [local_ip] => 192.168.18.96
    [local_port] => 65395
    [http_version] => 3
    [protocol] => 2
    [ssl_verifyresult] => 0
    [scheme] => HTTPS
    [appconnect_time_us] => 1119954
    [connect_time_us] => 502518
    [namelookup_time_us] => 125835
    [pretransfer_time_us] => 1120162
    [redirect_time_us] => 0
    [starttransfer_time_us] => 1499634
    [total_time_us] => 1499661
    [effective_method] => GET
)

API Response: <html style="height:100%"><head><META NAME="ROBOTS" CONTENT="NOINDEX, NOFOLLOW"><meta name="format-detection" content="telephone=no"><meta name="viewport" content="initial-scale=1.0"><meta http-equiv="X-UA-Compatible" content="IE=edge,chrome=1"></head><body style="margin:0px;height:100%"><iframe id="main-iframe" src="/_Incapsula_Resource?CWUDNSAI=23&xinfo=13-52387172-0%200NNN%20RT%281727385857098%20618%29%20q%280%20-1%20-1%202%29%20r%280%20-1%29%20B16%20U16&incident_id=325000180068804770-282197527670097037&edet=16&cinfo=ffffffff&rpinfo=0&mth=GET" frameborder=0 width="100%" height="100%" marginheight="0px" marginwidth="0px">Request unsuccessful. Incapsula incident ID: 325000180068804770-282197527670097037</iframe></body></html>
HTTP Error: 403
cURL Info: Array
(
    [url] => https://history.mot.api.gov.uk/v1/trade/vehicles/registration/yc67fuv
    [content_type] => text/html
    [http_code] => 403
    [header_size] => 480
    [request_size] => 1453
    [filetime] => -1
    [ssl_verify_result] => 0
    [redirect_count] => 0
    [total_time] => 1.332129
    [namelookup_time] => 0.018717
    [connect_time] => 0.387908
    [pretransfer_time] => 0.959912
    [size_upload] => 0
    [size_download] => 737
    [speed_download] => 553
    [speed_upload] => 0
    [download_content_length] => 737
    [upload_content_length] => 0
    [starttransfer_time] => 1.332107
    [redirect_time] => 0
    [redirect_url] => 
    [primary_ip] => 45.60.74.18
    [certinfo] => Array
        (
        )

    [primary_port] => 443
    [local_ip] => 192.168.18.96
    [local_port] => 65399
    [http_version] => 3
    [protocol] => 2
    [ssl_verifyresult] => 0
    [scheme] => HTTPS
    [appconnect_time_us] => 959702
    [connect_time_us] => 387908
    [namelookup_time_us] => 18717
    [pretransfer_time_us] => 959912
    [redirect_time_us] => 0
    [starttransfer_time_us] => 1332107
    [total_time_us] => 1332129
    [effective_method] => GET
)

API Response: <html style="height:100%"><head><META NAME="ROBOTS" CONTENT="NOINDEX, NOFOLLOW"><meta name="format-detection" content="telephone=no"><meta name="viewport" content="initial-scale=1.0"><meta http-equiv="X-UA-Compatible" content="IE=edge,chrome=1"></head><body style="margin:0px;height:100%"><iframe id="main-iframe" src="/_Incapsula_Resource?CWUDNSAI=23&xinfo=14-59141943-0%200NNN%20RT%281727385876634%20571%29%20q%280%20-1%20-1%20-1%29%20r%280%20-1%29%20B16%20U16&incident_id=325000180068804770-317605779224200334&edet=16&cinfo=ffffffff&rpinfo=0&mth=GET" frameborder=0 width="100%" height="100%" marginheight="0px" marginwidth="0px">Request unsuccessful. Incapsula incident ID: 325000180068804770-317605779224200334</iframe></body></html>
HTTP Error: 403
cURL Info: Array
(
    [url] => https://history.mot.api.gov.uk/v1/trade/vehicles/registration/yc67fuv
    [content_type] => text/html
    [http_code] => 403
    [header_size] => 480
    [request_size] => 1453
    [filetime] => -1
    [ssl_verify_result] => 0
    [redirect_count] => 0
    [total_time] => 1.306629
    [namelookup_time] => 0.005972
    [connect_time] => 0.359387
    [pretransfer_time] => 0.937786
    [size_upload] => 0
    [size_download] => 737
    [speed_download] => 564
    [speed_upload] => 0
    [download_content_length] => 737
    [upload_content_length] => 0
    [starttransfer_time] => 1.306584
    [redirect_time] => 0
    [redirect_url] => 
    [primary_ip] => 45.60.74.18
    [certinfo] => Array
        (
        )

    [primary_port] => 443
    [local_ip] => 192.168.18.96
    [local_port] => 65402
    [http_version] => 3
    [protocol] => 2
    [ssl_verifyresult] => 0
    [scheme] => HTTPS
    [appconnect_time_us] => 937538
    [connect_time_us] => 359387
    [namelookup_time_us] => 5972
    [pretransfer_time_us] => 937786
    [redirect_time_us] => 0
    [starttransfer_time_us] => 1306584
    [total_time_us] => 1306629
    [effective_method] => GET
)

API Response: <html style="height:100%"><head><META NAME="ROBOTS" CONTENT="NOINDEX, NOFOLLOW"><meta name="format-detection" content="telephone=no"><meta name="viewport" content="initial-scale=1.0"><meta http-equiv="X-UA-Compatible" content="IE=edge,chrome=1"></head><body style="margin:0px;height:100%"><iframe id="main-iframe" src="/_Incapsula_Resource?CWUDNSAI=23&xinfo=10-22921932-0%200NNN%20RT%281727385880714%20603%29%20q%280%20-1%20-1%20-1%29%20r%280%20-1%29%20B16%20U16&incident_id=325000180068804770-125290681446237322&edet=16&cinfo=ffffffff&rpinfo=0&mth=GET" frameborder=0 width="100%" height="100%" marginheight="0px" marginwidth="0px">Request unsuccessful. Incapsula incident ID: 325000180068804770-125290681446237322</iframe></body></html>
HTTP Error: 403
cURL Info: Array
(
    [url] => https://history.mot.api.gov.uk/v1/trade/vehicles/registration/yc67fuv
    [content_type] => text/html
    [http_code] => 403
    [header_size] => 479
    [request_size] => 1453
    [filetime] => -1
    [ssl_verify_result] => 0
    [redirect_count] => 0
    [total_time] => 1.390595
    [namelookup_time] => 0.183713
    [connect_time] => 0.493025
    [pretransfer_time] => 1.071203
    [size_upload] => 0
    [size_download] => 736
    [speed_download] => 529
    [speed_upload] => 0
    [download_content_length] => 736
    [upload_content_length] => 0
    [starttransfer_time] => 1.390567
    [redirect_time] => 0
    [redirect_url] => 
    [primary_ip] => 45.60.74.18
    [certinfo] => Array
        (
        )

    [primary_port] => 443
    [local_ip] => 192.168.18.96
    [local_port] => 49164
    [http_version] => 3
    [protocol] => 2
    [ssl_verifyresult] => 0
    [scheme] => HTTPS
    [appconnect_time_us] => 1070969
    [connect_time_us] => 493025
    [namelookup_time_us] => 183713
    [pretransfer_time_us] => 1071203
    [redirect_time_us] => 0
    [starttransfer_time_us] => 1390567
    [total_time_us] => 1390595
    [effective_method] => GET
)

API Response: <html style="height:100%"><head><META NAME="ROBOTS" CONTENT="NOINDEX, NOFOLLOW"><meta name="format-detection" content="telephone=no"><meta name="viewport" content="initial-scale=1.0"><meta http-equiv="X-UA-Compatible" content="IE=edge,chrome=1"></head><body style="margin:0px;height:100%"><iframe id="main-iframe" src="/_Incapsula_Resource?CWUDNSAI=23&xinfo=14-59231434-0%200NNN%20RT%281727386929521%20579%29%20q%280%20-1%20-1%209%29%20r%280%20-1%29%20B16%20U16&incident_id=325000180068949785-318097896576976014&edet=16&cinfo=ffffffff&rpinfo=0&mth=GET" frameborder=0 width="100%" height="100%" marginheight="0px" marginwidth="0px">Request unsuccessful. Incapsula incident ID: 325000180068949785-318097896576976014</iframe></body></html>
HTTP Error: 403
cURL Info: Array
(
    [url] => https://history.mot.api.gov.uk/v1/trade/vehicles/registration/yc67fuv
    [content_type] => text/html
    [http_code] => 403
    [header_size] => 478
    [request_size] => 1453
    [filetime] => -1
    [ssl_verify_result] => 0
    [redirect_count] => 0
    [total_time] => 1.201724
    [namelookup_time] => 0.005549
    [connect_time] => 0.304479
    [pretransfer_time] => 0.896682
    [size_upload] => 0
    [size_download] => 733
    [speed_download] => 609
    [speed_upload] => 0
    [download_content_length] => 733
    [upload_content_length] => 0
    [starttransfer_time] => 1.201698
    [redirect_time] => 0
    [redirect_url] => 
    [primary_ip] => 45.60.74.18
    [certinfo] => Array
        (
        )

    [primary_port] => 443
    [local_ip] => 192.168.18.96
    [local_port] => 49174
    [http_version] => 3
    [protocol] => 2
    [ssl_verifyresult] => 0
    [scheme] => HTTPS
    [appconnect_time_us] => 896473
    [connect_time_us] => 304479
    [namelookup_time_us] => 5549
    [pretransfer_time_us] => 896682
    [redirect_time_us] => 0
    [starttransfer_time_us] => 1201698
    [total_time_us] => 1201724
    [effective_method] => GET
)

API Response: <html style="height:100%"><head><META NAME="ROBOTS" CONTENT="NOINDEX, NOFOLLOW"><meta name="format-detection" content="telephone=no"><meta name="viewport" content="initial-scale=1.0"><meta http-equiv="X-UA-Compatible" content="IE=edge,chrome=1"></head><body style="margin:0px;height:100%"><iframe id="main-iframe" src="/_Incapsula_Resource?CWUDNSAI=23&xinfo=6-11232197-0%200NNN%20RT%281727386940112%20596%29%20q%280%20-1%20-1%201%29%20r%280%20-1%29%20B16%20U16&incident_id=325000180068949785-59814480544334982&edet=16&cinfo=ffffffff&rpinfo=0&mth=GET" frameborder=0 width="100%" height="100%" marginheight="0px" marginwidth="0px">Request unsuccessful. Incapsula incident ID: 325000180068949785-59814480544334982</iframe></body></html>
HTTP Error: 403
cURL Info: Array
(
    [url] => https://history.mot.api.gov.uk/v1/trade/vehicles/registration/yc67fuv
    [content_type] => text/html
    [http_code] => 403
    [header_size] => 477
    [request_size] => 1453
    [filetime] => -1
    [ssl_verify_result] => 0
    [redirect_count] => 0
    [total_time] => 1.329333
    [namelookup_time] => 0.110399
    [connect_time] => 0.410312
    [pretransfer_time] => 1.025671
    [size_upload] => 0
    [size_download] => 732
    [speed_download] => 550
    [speed_upload] => 0
    [download_content_length] => 732
    [upload_content_length] => 0
    [starttransfer_time] => 1.329295
    [redirect_time] => 0
    [redirect_url] => 
    [primary_ip] => 45.60.74.18
    [certinfo] => Array
        (
        )

    [primary_port] => 443
    [local_ip] => 192.168.18.96
    [local_port] => 49197
    [http_version] => 3
    [protocol] => 2
    [ssl_verifyresult] => 0
    [scheme] => HTTPS
    [appconnect_time_us] => 1025386
    [connect_time_us] => 410312
    [namelookup_time_us] => 110399
    [pretransfer_time_us] => 1025671
    [redirect_time_us] => 0
    [starttransfer_time_us] => 1329295
    [total_time_us] => 1329333
    [effective_method] => GET
)

API Response: <html style="height:100%"><head><META NAME="ROBOTS" CONTENT="NOINDEX, NOFOLLOW"><meta name="format-detection" content="telephone=no"><meta name="viewport" content="initial-scale=1.0"><meta http-equiv="X-UA-Compatible" content="IE=edge,chrome=1"></head><body style="margin:0px;height:100%"><iframe id="main-iframe" src="/_Incapsula_Resource?CWUDNSAI=23&xinfo=5-8379352-0%200NNN%20RT%281727386986084%20616%29%20q%280%20-1%20-1%202%29%20r%280%20-1%29%20B16%20U16&incident_id=325000180068949785-44604029959210117&edet=16&cinfo=ffffffff&rpinfo=0&mth=GET" frameborder=0 width="100%" height="100%" marginheight="0px" marginwidth="0px">Request unsuccessful. Incapsula incident ID: 325000180068949785-44604029959210117</iframe></body></html>
HTTP Error: 403
cURL Info: Array
(
    [url] => https://history.mot.api.gov.uk/v1/trade/vehicles/registration/yc67fuv
    [content_type] => text/html
    [http_code] => 403
    [header_size] => 480
    [request_size] => 1453
    [filetime] => -1
    [ssl_verify_result] => 0
    [redirect_count] => 0
    [total_time] => 1.394641
    [namelookup_time] => 0.174424
    [connect_time] => 0.482408
    [pretransfer_time] => 1.084434
    [size_upload] => 0
    [size_download] => 737
    [speed_download] => 528
    [speed_upload] => 0
    [download_content_length] => 737
    [upload_content_length] => 0
    [starttransfer_time] => 1.394596
    [redirect_time] => 0
    [redirect_url] => 
    [primary_ip] => 45.60.74.18
    [certinfo] => Array
        (
        )

    [primary_port] => 443
    [local_ip] => 192.168.18.96
    [local_port] => 49251
    [http_version] => 3
    [protocol] => 2
    [ssl_verifyresult] => 0
    [scheme] => HTTPS
    [appconnect_time_us] => 1084219
    [connect_time_us] => 482408
    [namelookup_time_us] => 174424
    [pretransfer_time_us] => 1084434
    [redirect_time_us] => 0
    [starttransfer_time_us] => 1394596
    [total_time_us] => 1394641
    [effective_method] => GET
)

API Response: <html style="height:100%"><head><META NAME="ROBOTS" CONTENT="NOINDEX, NOFOLLOW"><meta name="format-detection" content="telephone=no"><meta name="viewport" content="initial-scale=1.0"><meta http-equiv="X-UA-Compatible" content="IE=edge,chrome=1"></head><body style="margin:0px;height:100%"><iframe id="main-iframe" src="/_Incapsula_Resource?CWUDNSAI=23&xinfo=14-59250904-0%200NNN%20RT%281727387185996%20603%29%20q%280%20-1%20-1%20-1%29%20r%281%20-1%29%20B16%20U16&incident_id=325000180068949785-318206632264008846&edet=16&cinfo=ffffffff&rpinfo=0&mth=GET" frameborder=0 width="100%" height="100%" marginheight="0px" marginwidth="0px">Request unsuccessful. Incapsula incident ID: 325000180068949785-318206632264008846</iframe></body></html>
HTTP Error: 403
cURL Info: Array
(
    [url] => https://history.mot.api.gov.uk/v1/trade/vehicles/registration/yc67fuv
    [content_type] => text/html
    [http_code] => 403
    [header_size] => 480
    [request_size] => 1453
    [filetime] => -1
    [ssl_verify_result] => 0
    [redirect_count] => 0
    [total_time] => 1.626795
    [namelookup_time] => 0.448164
    [connect_time] => 0.746703
    [pretransfer_time] => 1.32171
    [size_upload] => 0
    [size_download] => 737
    [speed_download] => 453
    [speed_upload] => 0
    [download_content_length] => 737
    [upload_content_length] => 0
    [starttransfer_time] => 1.626756
    [redirect_time] => 0
    [redirect_url] => 
    [primary_ip] => 45.60.74.18
    [certinfo] => Array
        (
        )

    [primary_port] => 443
    [local_ip] => 192.168.18.96
    [local_port] => 49260
    [http_version] => 3
    [protocol] => 2
    [ssl_verifyresult] => 0
    [scheme] => HTTPS
    [appconnect_time_us] => 1321525
    [connect_time_us] => 746703
    [namelookup_time_us] => 448164
    [pretransfer_time_us] => 1321710
    [redirect_time_us] => 0
    [starttransfer_time_us] => 1626756
    [total_time_us] => 1626795
    [effective_method] => GET
)

API Response: <html style="height:100%"><head><META NAME="ROBOTS" CONTENT="NOINDEX, NOFOLLOW"><meta name="format-detection" content="telephone=no"><meta name="viewport" content="initial-scale=1.0"><meta http-equiv="X-UA-Compatible" content="IE=edge,chrome=1"></head><body style="margin:0px;height:100%"><iframe id="main-iframe" src="/_Incapsula_Resource?CWUDNSAI=23&xinfo=14-59255051-0%200NNN%20RT%281727387248467%20580%29%20q%280%20-1%20-1%20-1%29%20r%280%20-1%29%20B16%20U16&incident_id=325000180068949785-318228064150815886&edet=16&cinfo=ffffffff&rpinfo=0&mth=GET" frameborder=0 width="100%" height="100%" marginheight="0px" marginwidth="0px">Request unsuccessful. Incapsula incident ID: 325000180068949785-318228064150815886</iframe></body></html>
HTTP Error: 403
cURL Info: Array
(
    [url] => https://history.mot.api.gov.uk/v1/trade/vehicles/registration/yc67fuv
    [content_type] => text/html
    [http_code] => 403
    [header_size] => 480
    [request_size] => 1453
    [filetime] => -1
    [ssl_verify_result] => 0
    [redirect_count] => 0
    [total_time] => 1.205344
    [namelookup_time] => 0.013385
    [connect_time] => 0.313027
    [pretransfer_time] => 0.901385
    [size_upload] => 0
    [size_download] => 737
    [speed_download] => 611
    [speed_upload] => 0
    [download_content_length] => 737
    [upload_content_length] => 0
    [starttransfer_time] => 1.205317
    [redirect_time] => 0
    [redirect_url] => 
    [primary_ip] => 45.60.74.18
    [certinfo] => Array
        (
        )

    [primary_port] => 443
    [local_ip] => 192.168.18.96
    [local_port] => 49264
    [http_version] => 3
    [protocol] => 2
    [ssl_verifyresult] => 0
    [scheme] => HTTPS
    [appconnect_time_us] => 901192
    [connect_time_us] => 313027
    [namelookup_time_us] => 13385
    [pretransfer_time_us] => 901385
    [redirect_time_us] => 0
    [starttransfer_time_us] => 1205317
    [total_time_us] => 1205344
    [effective_method] => GET
)

API Response: <html style="height:100%"><head><META NAME="ROBOTS" CONTENT="NOINDEX, NOFOLLOW"><meta name="format-detection" content="telephone=no"><meta name="viewport" content="initial-scale=1.0"><meta http-equiv="X-UA-Compatible" content="IE=edge,chrome=1"></head><body style="margin:0px;height:100%"><iframe id="main-iframe" src="/_Incapsula_Resource?CWUDNSAI=23&xinfo=10-22948744-0%200NNN%20RT%281727387266072%20588%29%20q%280%20-1%20-1%20-1%29%20r%280%20-1%29%20B16%20U16&incident_id=325000180068949785-125433368849745034&edet=16&cinfo=ffffffff&rpinfo=0&mth=GET" frameborder=0 width="100%" height="100%" marginheight="0px" marginwidth="0px">Request unsuccessful. Incapsula incident ID: 325000180068949785-125433368849745034</iframe></body></html>
HTTP Error: 403
cURL Info: Array
(
    [url] => https://history.mot.api.gov.uk/v1/trade/vehicles/registration/yc67fuv
    [content_type] => text/html
    [http_code] => 403
    [header_size] => 480
    [request_size] => 1453
    [filetime] => -1
    [ssl_verify_result] => 0
    [redirect_count] => 0
    [total_time] => 1.400951
    [namelookup_time] => 0.141674
    [connect_time] => 0.450571
    [pretransfer_time] => 1.086911
    [size_upload] => 0
    [size_download] => 737
    [speed_download] => 526
    [speed_upload] => 0
    [download_content_length] => 737
    [upload_content_length] => 0
    [starttransfer_time] => 1.400873
    [redirect_time] => 0
    [redirect_url] => 
    [primary_ip] => 45.60.74.18
    [certinfo] => Array
        (
        )

    [primary_port] => 443
    [local_ip] => 192.168.18.96
    [local_port] => 49309
    [http_version] => 3
    [protocol] => 2
    [ssl_verifyresult] => 0
    [scheme] => HTTPS
    [appconnect_time_us] => 1086646
    [connect_time_us] => 450571
    [namelookup_time_us] => 141674
    [pretransfer_time_us] => 1086911
    [redirect_time_us] => 0
    [starttransfer_time_us] => 1400873
    [total_time_us] => 1400951
    [effective_method] => GET
)

API Response: <html style="height:100%"><head><META NAME="ROBOTS" CONTENT="NOINDEX, NOFOLLOW"><meta name="format-detection" content="telephone=no"><meta name="viewport" content="initial-scale=1.0"><meta http-equiv="X-UA-Compatible" content="IE=edge,chrome=1"></head><body style="margin:0px;height:100%"><iframe id="main-iframe" src="/_Incapsula_Resource?CWUDNSAI=23&xinfo=14-59283209-0%200NNN%20RT%281727387606733%20640%29%20q%280%20-1%20-1%20-1%29%20r%280%20-1%29%20B16%20U16&incident_id=325000180068949785-318370665654977678&edet=16&cinfo=ffffffff&rpinfo=0&mth=GET" frameborder=0 width="100%" height="100%" marginheight="0px" marginwidth="0px">Request unsuccessful. Incapsula incident ID: 325000180068949785-318370665654977678</iframe></body></html>
HTTP Error: 403
cURL Info: Array
(
    [url] => https://history.mot.api.gov.uk/v1/trade/vehicles/registration/yc67fuv
    [content_type] => text/html
    [http_code] => 403
    [header_size] => 479
    [request_size] => 1453
    [filetime] => -1
    [ssl_verify_result] => 0
    [redirect_count] => 0
    [total_time] => 1.523094
    [namelookup_time] => 0.120689
    [connect_time] => 0.429284
    [pretransfer_time] => 1.212821
    [size_upload] => 0
    [size_download] => 734
    [speed_download] => 481
    [speed_upload] => 0
    [download_content_length] => 734
    [upload_content_length] => 0
    [starttransfer_time] => 1.523065
    [redirect_time] => 0
    [redirect_url] => 
    [primary_ip] => 45.60.74.18
    [certinfo] => Array
        (
        )

    [primary_port] => 443
    [local_ip] => 192.168.18.96
    [local_port] => 49349
    [http_version] => 3
    [protocol] => 2
    [ssl_verifyresult] => 0
    [scheme] => HTTPS
    [appconnect_time_us] => 1212553
    [connect_time_us] => 429284
    [namelookup_time_us] => 120689
    [pretransfer_time_us] => 1212821
    [redirect_time_us] => 0
    [starttransfer_time_us] => 1523065
    [total_time_us] => 1523094
    [effective_method] => GET
)

API Response: <html style="height:100%"><head><META NAME="ROBOTS" CONTENT="NOINDEX, NOFOLLOW"><meta name="format-detection" content="telephone=no"><meta name="viewport" content="initial-scale=1.0"><meta http-equiv="X-UA-Compatible" content="IE=edge,chrome=1"></head><body style="margin:0px;height:100%"><iframe id="main-iframe" src="/_Incapsula_Resource?CWUDNSAI=23&xinfo=9-13401012-0%200NNN%20RT%281727387776277%20785%29%20q%280%20-1%20-1%20-1%29%20r%280%20-1%29%20B16%20U16&incident_id=325000180068949785-73001675115529353&edet=16&cinfo=ffffffff&rpinfo=0&mth=GET" frameborder=0 width="100%" height="100%" marginheight="0px" marginwidth="0px">Request unsuccessful. Incapsula incident ID: 325000180068949785-73001675115529353</iframe></body></html>
HTTP Error: 403
cURL Info: Array
(
    [url] => https://history.mot.api.gov.uk/v1/trade/vehicles/registration/yc67fuv
    [content_type] => text/html
    [http_code] => 403
    [header_size] => 479
    [request_size] => 1453
    [filetime] => -1
    [ssl_verify_result] => 0
    [redirect_count] => 0
    [total_time] => 1.267038
    [namelookup_time] => 0.003093
    [connect_time] => 0.301683
    [pretransfer_time] => 0.967581
    [size_upload] => 0
    [size_download] => 734
    [speed_download] => 579
    [speed_upload] => 0
    [download_content_length] => 734
    [upload_content_length] => 0
    [starttransfer_time] => 1.267004
    [redirect_time] => 0
    [redirect_url] => 
    [primary_ip] => 45.60.74.18
    [certinfo] => Array
        (
        )

    [primary_port] => 443
    [local_ip] => 192.168.18.96
    [local_port] => 49352
    [http_version] => 3
    [protocol] => 2
    [ssl_verifyresult] => 0
    [scheme] => HTTPS
    [appconnect_time_us] => 967371
    [connect_time_us] => 301683
    [namelookup_time_us] => 3093
    [pretransfer_time_us] => 967581
    [redirect_time_us] => 0
    [starttransfer_time_us] => 1267004
    [total_time_us] => 1267038
    [effective_method] => GET
)

API Response: <html style="height:100%"><head><META NAME="ROBOTS" CONTENT="NOINDEX, NOFOLLOW"><meta name="format-detection" content="telephone=no"><meta name="viewport" content="initial-scale=1.0"><meta http-equiv="X-UA-Compatible" content="IE=edge,chrome=1"></head><body style="margin:0px;height:100%"><iframe id="main-iframe" src="/_Incapsula_Resource?CWUDNSAI=23&xinfo=7-16384624-0%200NNN%20RT%281727387778756%20667%29%20q%280%20-1%20-1%20-1%29%20r%280%20-1%29%20B16%20U16&incident_id=325000180068949785-88667263385011335&edet=16&cinfo=ffffffff&rpinfo=0&mth=GET" frameborder=0 width="100%" height="100%" marginheight="0px" marginwidth="0px">Request unsuccessful. Incapsula incident ID: 325000180068949785-88667263385011335</iframe></body></html>
HTTP Error: 403
cURL Info: Array
(
    [url] => https://history.mot.api.gov.uk/v1/trade/vehicles/registration/yc67fuv
    [content_type] => text/html
    [http_code] => 403
    [header_size] => 478
    [request_size] => 1453
    [filetime] => -1
    [ssl_verify_result] => 0
    [redirect_count] => 0
    [total_time] => 1.479095
    [namelookup_time] => 0.181949
    [connect_time] => 0.490017
    [pretransfer_time] => 1.168399
    [size_upload] => 0
    [size_download] => 735
    [speed_download] => 496
    [speed_upload] => 0
    [download_content_length] => 735
    [upload_content_length] => 0
    [starttransfer_time] => 1.479066
    [redirect_time] => 0
    [redirect_url] => 
    [primary_ip] => 45.60.74.18
    [certinfo] => Array
        (
        )

    [primary_port] => 443
    [local_ip] => 192.168.18.96
    [local_port] => 49608
    [http_version] => 3
    [protocol] => 2
    [ssl_verifyresult] => 0
    [scheme] => HTTPS
    [appconnect_time_us] => 1168170
    [connect_time_us] => 490017
    [namelookup_time_us] => 181949
    [pretransfer_time_us] => 1168399
    [redirect_time_us] => 0
    [starttransfer_time_us] => 1479066
    [total_time_us] => 1479095
    [effective_method] => GET
)

API Response: <html style="height:100%"><head><META NAME="ROBOTS" CONTENT="NOINDEX, NOFOLLOW"><meta name="format-detection" content="telephone=no"><meta name="viewport" content="initial-scale=1.0"><meta http-equiv="X-UA-Compatible" content="IE=edge,chrome=1"></head><body style="margin:0px;height:100%"><iframe id="main-iframe" src="/_Incapsula_Resource?CWUDNSAI=23&xinfo=7-27483845-0%200NNN%20RT%281727388896465%20681%29%20q%280%20-1%20-1%200%29%20r%280%20-1%29%20B16%20U16&incident_id=687000160071110811-131855805269869575&edet=16&cinfo=ffffffff&rpinfo=0&mth=GET" frameborder=0 width="100%" height="100%" marginheight="0px" marginwidth="0px">Request unsuccessful. Incapsula incident ID: 687000160071110811-131855805269869575</iframe></body></html>
HTTP Error: 403
